<?xml version="1.0" encoding="UTF-8"?>
<!-- Generated by org.testng.reporters.JUnitReportReporter -->
<testsuite hostname="IBM-1L6NSV3" failures="0" tests="1" name="pk_spreecom.Create_Address_Using_File" time="2.743" errors="0" timestamp="2024-03-19T12:29:42 IST" skipped="0">
  <testcase classname="pk_spreecom.Create_Address_Using_File" name="CreateAddress" time="2.743"/>
  <system-out/>
</testsuite> <!-- pk_spreecom.Create_Address_Using_File -->
