<?xml version="1.0" encoding="UTF-8"?>
<!-- Generated by org.testng.reporters.JUnitReportReporter -->
<testsuite hostname="IBM-1L6NSV3" failures="0" tests="1" name="pk_spreecom.Generate_Spree_Auth_Token" time="2.914" errors="0" timestamp="2024-03-19T11:20:57 IST" skipped="0">
  <testcase classname="pk_spreecom.Generate_Spree_Auth_Token" name="oAuth_Token" time="2.914"/>
  <system-out/>
</testsuite> <!-- pk_spreecom.Generate_Spree_Auth_Token -->
