<?xml version="1.0" encoding="UTF-8"?>
<!-- Generated by org.testng.reporters.JUnitReportReporter -->
<testsuite hostname="IBM-1L6NSV3" failures="0" tests="3" name="pk_spreecom.Create_Address_And_Update_Address_Using_File_with_Util_Function" time="6.811" errors="0" timestamp="2024-03-20T15:00:20 IST" skipped="0">
  <testcase classname="pk_spreecom.Create_Address_And_Update_Address_Using_File_with_Util_Function" name="deleteAddress" time="2.653"/>
  <system-out/>
  <testcase classname="pk_spreecom.Create_Address_And_Update_Address_Using_File_with_Util_Function" name="Create_Address" time="2.139"/>
  <system-out/>
  <testcase classname="pk_spreecom.Create_Address_And_Update_Address_Using_File_with_Util_Function" name="Update_Address" time="2.019"/>
  <system-out/>
</testsuite> <!-- pk_spreecom.Create_Address_And_Update_Address_Using_File_with_Util_Function -->
