<?xml version="1.0" encoding="UTF-8"?>
<!-- Generated by org.testng.reporters.JUnitReportReporter -->
<testsuite hostname="IBM-1L6NSV3" failures="0" tests="5" name="pk_spreecom.CreateMultipleAddressUsingTestData" time="12.463" errors="0" timestamp="2024-03-19T16:33:21 IST" skipped="0">
  <testcase classname="pk_spreecom.CreateMultipleAddressUsingTestData" name="addAddress" time="1.910"/>
  <system-out/>
  <testcase classname="pk_spreecom.CreateMultipleAddressUsingTestData" name="addAddress" time="1.938"/>
  <system-out/>
  <testcase classname="pk_spreecom.CreateMultipleAddressUsingTestData" name="addAddress" time="4.446"/>
  <system-out/>
  <testcase classname="pk_spreecom.CreateMultipleAddressUsingTestData" name="addAddress" time="1.890"/>
  <system-out/>
  <testcase classname="pk_spreecom.CreateMultipleAddressUsingTestData" name="addAddress" time="2.279"/>
  <system-out/>
</testsuite> <!-- pk_spreecom.CreateMultipleAddressUsingTestData -->
