<?xml version="1.0" encoding="UTF-8"?>
<!-- Generated by org.testng.reporters.JUnitReportReporter -->
<testsuite hostname="IBM-1L6NSV3" failures="0" tests="1" name="pk_spreecom.Create_Address_Using_File_with_Create_Token" time="1.433" errors="0" timestamp="2024-03-19T12:44:26 IST" skipped="0">
  <testcase classname="pk_spreecom.Create_Address_Using_File_with_Create_Token" name="CreateAddress" time="1.433"/>
  <system-out/>
</testsuite> <!-- pk_spreecom.Create_Address_Using_File_with_Create_Token -->
