<?xml version="1.0" encoding="UTF-8"?>
<!-- Generated by org.testng.reporters.JUnitReportReporter -->
<testsuite hostname="IBM-1L6NSV3" failures="0" tests="3" name="pk_spreecom.Create_Address_And_Delete_Address_Through_UI" time="27.637" errors="0" timestamp="2024-03-20T15:00:20 IST" skipped="0">
  <testcase classname="pk_spreecom.Create_Address_And_Delete_Address_Through_UI" name="Create_Address" time="4.139"/>
  <system-out/>
  <testcase classname="pk_spreecom.Create_Address_And_Delete_Address_Through_UI" name="Update_Address" time="2.145"/>
  <system-out/>
  <testcase classname="pk_spreecom.Create_Address_And_Delete_Address_Through_UI" name="deleteAddress_UI" time="21.353"/>
  <system-out/>
</testsuite> <!-- pk_spreecom.Create_Address_And_Delete_Address_Through_UI -->
