<?xml version="1.0" encoding="UTF-8"?>
<!-- Generated by org.testng.reporters.JUnitReportReporter -->
<testsuite hostname="IBM-1L6NSV3" failures="0" tests="5" name="pk_spreecom.Create_Address_with_Multiple_Labels" time="11.808" errors="0" timestamp="2024-03-20T11:11:14 IST" skipped="0">
  <testcase classname="pk_spreecom.Create_Address_with_Multiple_Labels" name="addAddress" time="1.886"/>
  <system-out/>
  <testcase classname="pk_spreecom.Create_Address_with_Multiple_Labels" name="addAddress" time="1.657"/>
  <system-out/>
  <testcase classname="pk_spreecom.Create_Address_with_Multiple_Labels" name="addAddress" time="1.783"/>
  <system-out/>
  <testcase classname="pk_spreecom.Create_Address_with_Multiple_Labels" name="addAddress" time="3.981"/>
  <system-out/>
  <testcase classname="pk_spreecom.Create_Address_with_Multiple_Labels" name="addAddress" time="2.501"/>
  <system-out/>
</testsuite> <!-- pk_spreecom.Create_Address_with_Multiple_Labels -->
