<?xml version="1.0" encoding="UTF-8"?>
<!-- Generated by org.testng.reporters.JUnitReportReporter -->
<testsuite hostname="IBM-1L6NSV3" failures="0" tests="5" name="pk_spreecom.RetrieveACountryForMultipleData" time="7.560" errors="0" timestamp="2024-03-19T16:17:47 IST" skipped="0">
  <testcase classname="pk_spreecom.RetrieveACountryForMultipleData" name="getCountry" time="1.009"/>
  <system-out/>
  <testcase classname="pk_spreecom.RetrieveACountryForMultipleData" name="getCountry" time="1.033"/>
  <system-out/>
  <testcase classname="pk_spreecom.RetrieveACountryForMultipleData" name="getCountry" time="3.088"/>
  <system-out/>
  <testcase classname="pk_spreecom.RetrieveACountryForMultipleData" name="getCountry" time="1.458"/>
  <system-out/>
  <testcase classname="pk_spreecom.RetrieveACountryForMultipleData" name="getCountry" time="0.972"/>
  <system-out/>
</testsuite> <!-- pk_spreecom.RetrieveACountryForMultipleData -->
