<?xml version="1.0" encoding="UTF-8"?>
<!-- Generated by org.testng.reporters.JUnitReportReporter -->
<testsuite hostname="IBM-1L6NSV3" failures="0" tests="1" name="pk_spreecom.Create_Address_Using_File_with_Util_Function" time="4.187" errors="0" timestamp="2024-03-19T14:25:43 IST" skipped="0">
  <testcase classname="pk_spreecom.Create_Address_Using_File_with_Util_Function" name="CreateAddress" time="4.187"/>
  <system-out/>
</testsuite> <!-- pk_spreecom.Create_Address_Using_File_with_Util_Function -->
