<?xml version="1.0" encoding="UTF-8"?>
<!-- Generated by org.testng.reporters.JUnitReportReporter -->
<testsuite hostname="IBM-1L6NSV3" failures="0" tests="3" name="pk_spreecom.Create_Address_And_Delete_Address_Through_UI" time="40.697" errors="0" timestamp="20 Mar 2024 11:32:48 GMT">
  <testcase classname="pk_spreecom.Create_Address_And_Delete_Address_Through_UI" name="Create_Address" time="10.611"/>
  <testcase classname="pk_spreecom.Create_Address_And_Delete_Address_Through_UI" name="Update_Address" time="1.992"/>
  <testcase classname="pk_spreecom.Create_Address_And_Delete_Address_Through_UI" name="deleteAddress_UI" time="28.094"/>
</testsuite> <!-- pk_spreecom.Create_Address_And_Delete_Address_Through_UI -->
